[INFO ] 2021-12-13 21:10:39.207 [main] UserDaoTest - Just added Blood Moon to Kristin Racchini's favorites
[INFO ] 2021-12-13 21:30:39.867 [main] UserDaoTest - Just added Blood Moon to Kristin Racchini's favorites
[INFO ] 2021-12-13 21:48:55.592 [main] UserDaoTest - Just added Blood Moon to Kristin Racchini's favorites
[INFO ] 2021-12-13 21:53:54.033 [main] UserDaoTest - Just added Blood Moon to Kristin Racchini's favorites
[INFO ] 2021-12-13 21:55:09.623 [main] UserDaoTest - Just added Blood Moon to Kristin Racchini's favorites
[INFO ] 2021-12-13 22:02:34.107 [main] UserDaoTest - Just added Blood Moon to Kristin Racchini's favorites
[INFO ] 2021-12-13 22:04:00.139 [main] UserDaoTest - Just added Blood Moon to Kristin Racchini's favorites
[INFO ] 2021-12-13 22:06:54.244 [main] UserDaoTest - Just added Blood Moon to Kristin Racchini's favorites
[INFO ] 2021-12-13 22:08:50.913 [main] UserDaoTest - Just added Blood Moon to Kristin Racchini's favorites
[INFO ] 2021-12-13 22:10:41.467 [main] UserDaoTest - Just added Blood Moon to Kristin Racchini's favorites
[INFO ] 2021-12-13 22:13:27.332 [main] UserDaoTest - Just added Blood Moon to Kristin Racchini's favorites
[INFO ] 2021-12-13 22:16:06.189 [main] UserDaoTest - Just added Blood Moon to Kristin Racchini's favorites
[INFO ] 2021-12-13 22:21:02.393 [main] UserDaoTest - Just added Blood Moon to Kristin Racchini's favorites
[INFO ] 2021-12-13 22:25:17.471 [http-nio-8080-exec-79] EditPattern - The designer id is 3
[INFO ] 2021-12-13 22:25:18.441 [http-nio-8080-exec-79] EditPattern - The designer is Tiny Modernist
[INFO ] 2021-12-13 22:25:18.677 [http-nio-8080-exec-79] EditPattern - Updated pattern Test pattern
[INFO ] 2021-12-13 22:27:27.690 [main] UserDaoTest - Just added Blood Moon to Kristin Racchini's favorites
[INFO ] 2021-12-13 22:28:13.127 [main] UserDaoTest - Just added Blood Moon to Kristin Racchini's favorites
[INFO ] 2021-12-13 22:29:06.953 [http-nio-8080-exec-81] DeletePattern - Pattern Test pattern deleted
[INFO ] 2021-12-14 20:01:31.265 [main] UserDaoTest - Just added Blood Moon to Kristin Racchini's favorites
[INFO ] 2021-12-14 20:13:01.047 [main] UserDaoTest - Just added Blood Moon to Kristin Racchini's favorites
[INFO ] 2021-12-14 20:17:33.260 [main] UserDaoTest - Just added Blood Moon to Kristin Racchini's favorites
[INFO ] 2021-12-14 20:21:37.202 [main] UserDaoTest - Just added Blood Moon to Kristin Racchini's favorites
[INFO ] 2021-12-14 20:23:53.111 [main] UserDaoTest - Just added Blood Moon to Kristin Racchini's favorites
[INFO ] 2021-12-14 20:25:12.811 [main] UserDaoTest - Just added Blood Moon to Kristin Racchini's favorites
[INFO ] 2021-12-14 20:28:06.932 [main] UserDaoTest - Just added Blood Moon to Kristin Racchini's favorites
[INFO ] 2021-12-14 20:30:13.095 [main] UserDaoTest - Just added Blood Moon to Kristin Racchini's favorites
[INFO ] 2021-12-14 20:32:07.628 [main] UserDaoTest - Just added Blood Moon to Kristin Racchini's favorites
[INFO ] 2021-12-14 20:35:29.974 [main] UserDaoTest - Just added Blood Moon to Kristin Racchini's favorites
[INFO ] 2021-12-14 20:47:36.772 [main] UserDaoTest - Just added Blood Moon to Kristin Racchini's favorites
[INFO ] 2021-12-14 20:49:19.804 [main] UserDaoTest - Just added Blood Moon to Kristin Racchini's favorites
[INFO ] 2021-12-14 20:52:14.597 [main] UserDaoTest - Just added Blood Moon to Kristin Racchini's favorites
[INFO ] 2021-12-14 21:02:26.677 [main] UserDaoTest - Just added Blood Moon to Kristin Racchini's favorites
[INFO ] 2021-12-14 21:07:16.526 [main] UserDaoTest - Just added Blood Moon to Kristin Racchini's favorites
[INFO ] 2021-12-14 21:08:15.120 [main] UserDaoTest - Just added Blood Moon to Kristin Racchini's favorites
[INFO ] 2021-12-14 21:12:47.489 [main] UserDaoTest - Just added Blood Moon to Kristin Racchini's favorites
[INFO ] 2021-12-14 21:15:15.880 [main] UserDaoTest - Just added Blood Moon to Kristin Racchini's favorites
[INFO ] 2021-12-14 21:17:17.767 [main] UserDaoTest - Just added Blood Moon to Kristin Racchini's favorites
[ERROR] 2021-12-14 21:17:43.670 [http-nio-8080-exec-43] Auth - Error getting or validating the token: Unrecognized field "error" (class com.stitchable.auth.TokenResponse), not marked as ignorable (5 known properties: "token_type", "refresh_token", "access_token", "expires_in", "id_token"])
 at [Source: (String)"{"error":"invalid_grant"}"; line: 1, column: 11] (through reference chain: com.stitchable.auth.TokenResponse["error"])
com.fasterxml.jackson.databind.exc.UnrecognizedPropertyException: Unrecognized field "error" (class com.stitchable.auth.TokenResponse), not marked as ignorable (5 known properties: "token_type", "refresh_token", "access_token", "expires_in", "id_token"])
 at [Source: (String)"{"error":"invalid_grant"}"; line: 1, column: 11] (through reference chain: com.stitchable.auth.TokenResponse["error"])
	at com.fasterxml.jackson.databind.exc.UnrecognizedPropertyException.from(UnrecognizedPropertyException.java:61) ~[jackson-databind-2.10.0.jar:2.10.0]
	at com.fasterxml.jackson.databind.DeserializationContext.handleUnknownProperty(DeserializationContext.java:840) ~[jackson-databind-2.10.0.jar:2.10.0]
	at com.fasterxml.jackson.databind.deser.std.StdDeserializer.handleUnknownProperty(StdDeserializer.java:1179) ~[jackson-databind-2.10.0.jar:2.10.0]
	at com.fasterxml.jackson.databind.deser.BeanDeserializerBase.handleUnknownProperty(BeanDeserializerBase.java:1592) ~[jackson-databind-2.10.0.jar:2.10.0]
	at com.fasterxml.jackson.databind.deser.BeanDeserializerBase.handleUnknownVanilla(BeanDeserializerBase.java:1570) ~[jackson-databind-2.10.0.jar:2.10.0]
	at com.fasterxml.jackson.databind.deser.BeanDeserializer.vanillaDeserialize(BeanDeserializer.java:294) ~[jackson-databind-2.10.0.jar:2.10.0]
	at com.fasterxml.jackson.databind.deser.BeanDeserializer.deserialize(BeanDeserializer.java:151) ~[jackson-databind-2.10.0.jar:2.10.0]
	at com.fasterxml.jackson.databind.ObjectMapper._readMapAndClose(ObjectMapper.java:4202) ~[jackson-databind-2.10.0.jar:2.10.0]
	at com.fasterxml.jackson.databind.ObjectMapper.readValue(ObjectMapper.java:3205) ~[jackson-databind-2.10.0.jar:2.10.0]
	at com.fasterxml.jackson.databind.ObjectMapper.readValue(ObjectMapper.java:3173) ~[jackson-databind-2.10.0.jar:2.10.0]
	at com.stitchable.controller.Auth.getToken(Auth.java:131) ~[classes/:?]
	at com.stitchable.controller.Auth.doGet(Auth.java:95) [classes/:?]
	at javax.servlet.http.HttpServlet.service(HttpServlet.java:635) [servlet-api.jar:?]
	at javax.servlet.http.HttpServlet.service(HttpServlet.java:742) [servlet-api.jar:?]
	at org.apache.catalina.core.ApplicationFilterChain.internalDoFilter(ApplicationFilterChain.java:231) [catalina.jar:8.5.41]
	at org.apache.catalina.core.ApplicationFilterChain.doFilter(ApplicationFilterChain.java:166) [catalina.jar:8.5.41]
	at org.apache.tomcat.websocket.server.WsFilter.doFilter(WsFilter.java:52) [tomcat-websocket.jar:8.5.41]
	at org.apache.catalina.core.ApplicationFilterChain.internalDoFilter(ApplicationFilterChain.java:193) [catalina.jar:8.5.41]
	at org.apache.catalina.core.ApplicationFilterChain.doFilter(ApplicationFilterChain.java:166) [catalina.jar:8.5.41]
	at org.apache.catalina.core.StandardWrapperValve.invoke(StandardWrapperValve.java:199) [catalina.jar:8.5.41]
	at org.apache.catalina.core.StandardContextValve.invoke(StandardContextValve.java:96) [catalina.jar:8.5.41]
	at org.apache.tomee.catalina.OpenEJBValve.invoke(OpenEJBValve.java:44) [tomee-catalina-7.1.1.jar:7.1.1]
	at org.apache.catalina.authenticator.AuthenticatorBase.invoke(AuthenticatorBase.java:493) [catalina.jar:8.5.41]
	at org.apache.catalina.core.StandardHostValve.invoke(StandardHostValve.java:137) [catalina.jar:8.5.41]
	at org.apache.catalina.valves.ErrorReportValve.invoke(ErrorReportValve.java:81) [catalina.jar:8.5.41]
	at org.apache.tomee.catalina.OpenEJBSecurityListener$RequestCapturer.invoke(OpenEJBSecurityListener.java:97) [tomee-catalina-7.1.1.jar:7.1.1]
	at org.apache.catalina.valves.AbstractAccessLogValve.invoke(AbstractAccessLogValve.java:660) [catalina.jar:8.5.41]
	at org.apache.catalina.core.StandardEngineValve.invoke(StandardEngineValve.java:87) [catalina.jar:8.5.41]
	at org.apache.catalina.connector.CoyoteAdapter.service(CoyoteAdapter.java:343) [catalina.jar:8.5.41]
	at org.apache.coyote.http11.Http11Processor.service(Http11Processor.java:798) [tomcat-coyote.jar:8.5.41]
	at org.apache.coyote.AbstractProcessorLight.process(AbstractProcessorLight.java:66) [tomcat-coyote.jar:8.5.41]
	at org.apache.coyote.AbstractProtocol$ConnectionHandler.process(AbstractProtocol.java:808) [tomcat-coyote.jar:8.5.41]
	at org.apache.tomcat.util.net.NioEndpoint$SocketProcessor.doRun(NioEndpoint.java:1498) [tomcat-coyote.jar:8.5.41]
	at org.apache.tomcat.util.net.SocketProcessorBase.run(SocketProcessorBase.java:49) [tomcat-coyote.jar:8.5.41]
	at java.util.concurrent.ThreadPoolExecutor.runWorker(ThreadPoolExecutor.java:1128) [?:?]
	at java.util.concurrent.ThreadPoolExecutor$Worker.run(ThreadPoolExecutor.java:628) [?:?]
	at org.apache.tomcat.util.threads.TaskThread$WrappingRunnable.run(TaskThread.java:61) [tomcat-util.jar:8.5.41]
	at java.lang.Thread.run(Thread.java:829) [?:?]
[INFO ] 2021-12-14 21:18:37.243 [http-nio-8080-exec-50] LogOut - User successfully logged out
[INFO ] 2021-12-14 21:19:24.895 [http-nio-8080-exec-45] Auth - Just added a newbie to the database! kristin2
